# JRE version: OpenJDK Runtime Environment (11.0.11+9) (build 11.0.11+9-b60-7590822)
# Java VM: OpenJDK 64-Bit Server VM (11.0.11+9-b60-7590822, mixed mode, tiered, compressed oops, g1 gc, windows-amd64)
Heap:
 garbage-first heap   total 131072K, used 88796K [0x00000000a0000000, 0x0000000100000000)
  region size 1024K, 45 young (46080K), 4 survivors (4096K)
 Metaspace       used 59887K, capacity 61141K, committed 61264K, reserved 1101824K
  class space    used 7503K, capacity 7956K, committed 8064K, reserved 1048576K
GC Heap History (20 events):
Event: 7.612 GC heap before
{Heap before GC invocations=2 (full 0):
 garbage-first heap   total 131072K, used 38462K [0x00000000a0000000, 0x0000000100000000)
  region size 1024K, 31 young (31744K), 1 survivors (1024K)
 Metaspace       used 10861K, capacity 11170K, committed 11264K, reserved 1058816K
  class space    used 1159K, capacity 1235K, committed 1280K, reserved 1048576K
}
Event: 7.618 GC heap after
{Heap after GC invocations=3 (full 0):
 garbage-first heap   total 131072K, used 13085K [0x00000000a0000000, 0x0000000100000000)
  region size 1024K, 4 young (4096K), 4 survivors (4096K)
 Metaspace       used 10861K, capacity 11170K, committed 11264K, reserved 1058816K
  class space    used 1159K, capacity 1235K, committed 1280K, reserved 1048576K
}
Event: 12.893 GC heap before
{Heap before GC invocations=3 (full 0):
 garbage-first heap   total 131072K, used 54045K [0x00000000a0000000, 0x0000000100000000)
  region size 1024K, 45 young (46080K), 4 survivors (4096K)
 Metaspace       used 19953K, capacity 20294K, committed 20480K, reserved 1067008K
  class space    used 2356K, capacity 2473K, committed 2560K, reserved 1048576K
}
Event: 12.911 GC heap after
{Heap after GC invocations=4 (full 0):
 garbage-first heap   total 131072K, used 15788K [0x00000000a0000000, 0x0000000100000000)
  region size 1024K, 3 young (3072K), 3 survivors (3072K)
 Metaspace       used 19953K, capacity 20294K, committed 20480K, reserved 1067008K
  class space    used 2356K, capacity 2473K, committed 2560K, reserved 1048576K
}
Event: 13.398 GC heap before
{Heap before GC invocations=4 (full 0):
 garbage-first heap   total 131072K, used 25004K [0x00000000a0000000, 0x0000000100000000)
  region size 1024K, 13 young (13312K), 3 survivors (3072K)
 Metaspace       used 20802K, capacity 21208K, committed 21296K, reserved 1069056K
  class space    used 2505K, capacity 2676K, committed 2688K, reserved 1048576K
}
Event: 13.406 GC heap after
{Heap after GC invocations=5 (full 0):
 garbage-first heap   total 131072K, used 16214K [0x00000000a0000000, 0x0000000100000000)
  region size 1024K, 4 young (4096K), 4 survivors (4096K)
 Metaspace       used 20802K, capacity 21208K, committed 21296K, reserved 1069056K
  class space    used 2505K, capacity 2676K, committed 2688K, reserved 1048576K
}
Event: 16.663 GC heap before
{Heap before GC invocations=6 (full 0):
 garbage-first heap   total 131072K, used 65366K [0x00000000a0000000, 0x0000000100000000)
  region size 1024K, 52 young (53248K), 4 survivors (4096K)
 Metaspace       used 26718K, capacity 27269K, committed 27520K, reserved 1073152K
  class space    used 3429K, capacity 3611K, committed 3712K, reserved 1048576K
}
Event: 16.673 GC heap after
{Heap after GC invocations=7 (full 0):
 garbage-first heap   total 131072K, used 17949K [0x00000000a0000000, 0x0000000100000000)
  region size 1024K, 5 young (5120K), 5 survivors (5120K)
 Metaspace       used 26718K, capacity 27269K, committed 27520K, reserved 1073152K
  class space    used 3429K, capacity 3611K, committed 3712K, reserved 1048576K
}
Event: 20.288 GC heap before
{Heap before GC invocations=7 (full 0):
 garbage-first heap   total 131072K, used 65053K [0x00000000a0000000, 0x0000000100000000)
  region size 1024K, 50 young (51200K), 5 survivors (5120K)
 Metaspace       used 35340K, capacity 35930K, committed 36048K, reserved 1081344K
  class space    used 4377K, capacity 4600K, committed 4608K, reserved 1048576K
}
Event: 20.309 GC heap after
{Heap after GC invocations=8 (full 0):
 garbage-first heap   total 131072K, used 21845K [0x00000000a0000000, 0x0000000100000000)
  region size 1024K, 9 young (9216K), 9 survivors (9216K)
 Metaspace       used 35340K, capacity 35930K, committed 36048K, reserved 1081344K
  class space    used 4377K, capacity 4600K, committed 4608K, reserved 1048576K
}
Event: 23.504 GC heap before
{Heap before GC invocations=9 (full 0):
 garbage-first heap   total 131072K, used 83285K [0x00000000a0000000, 0x0000000100000000)
  region size 1024K, 69 young (70656K), 9 survivors (9216K)
 Metaspace       used 39880K, capacity 40560K, committed 40656K, reserved 1085440K
  class space    used 5092K, capacity 5347K, committed 5376K, reserved 1048576K
}
Event: 23.527 GC heap after
{Heap after GC invocations=10 (full 0):
 garbage-first heap   total 131072K, used 25228K [0x00000000a0000000, 0x0000000100000000)
  region size 1024K, 8 young (8192K), 8 survivors (8192K)
 Metaspace       used 39880K, capacity 40560K, committed 40656K, reserved 1085440K
  class space    used 5092K, capacity 5347K, committed 5376K, reserved 1048576K
}
Event: 29.794 GC heap before
{Heap before GC invocations=10 (full 0):
 garbage-first heap   total 131072K, used 93836K [0x00000000a0000000, 0x0000000100000000)
  region size 1024K, 70 young (71680K), 8 survivors (8192K)
 Metaspace       used 46437K, capacity 47450K, committed 47696K, reserved 1091584K
  class space    used 5886K, capacity 6236K, committed 6272K, reserved 1048576K
}
Event: 29.815 GC heap after
{Heap after GC invocations=11 (full 0):
 garbage-first heap   total 131072K, used 38912K [0x00000000a0000000, 0x0000000100000000)
  region size 1024K, 9 young (9216K), 9 survivors (9216K)
 Metaspace       used 46437K, capacity 47450K, committed 47696K, reserved 1091584K
  class space    used 5886K, capacity 6236K, committed 6272K, reserved 1048576K
}
Event: 34.377 GC heap before
{Heap before GC invocations=11 (full 0):
 garbage-first heap   total 131072K, used 94208K [0x00000000a0000000, 0x0000000100000000)
  region size 1024K, 64 young (65536K), 9 survivors (9216K)
 Metaspace       used 52512K, capacity 53532K, committed 53840K, reserved 1095680K
  class space    used 6608K, capacity 6960K, committed 7040K, reserved 1048576K
}
Event: 34.396 GC heap after
{Heap after GC invocations=12 (full 0):
 garbage-first heap   total 131072K, used 43885K [0x00000000a0000000, 0x0000000100000000)
  region size 1024K, 5 young (5120K), 5 survivors (5120K)
 Metaspace       used 52512K, capacity 53532K, committed 53840K, reserved 1095680K
  class space    used 6608K, capacity 6960K, committed 7040K, reserved 1048576K
}
Event: 38.361 GC heap before
{Heap before GC invocations=12 (full 0):
 garbage-first heap   total 131072K, used 97133K [0x00000000a0000000, 0x0000000100000000)
  region size 1024K, 57 young (58368K), 5 survivors (5120K)
 Metaspace       used 58837K, capacity 60024K, committed 60240K, reserved 1101824K
  class space    used 7349K, capacity 7738K, committed 7808K, reserved 1048576K
}
Event: 38.382 GC heap after
{Heap after GC invocations=13 (full 0):
 garbage-first heap   total 131072K, used 46184K [0x00000000a0000000, 0x0000000100000000)
  region size 1024K, 7 young (7168K), 7 survivors (7168K)
 Metaspace       used 58837K, capacity 60024K, committed 60240K, reserved 1101824K
  class space    used 7349K, capacity 7738K, committed 7808K, reserved 1048576K
}
Event: 38.803 GC heap before
{Heap before GC invocations=13 (full 0):
 garbage-first heap   total 131072K, used 51304K [0x00000000a0000000, 0x0000000100000000)
  region size 1024K, 13 young (13312K), 7 survivors (7168K)
 Metaspace       used 59107K, capacity 60209K, committed 60240K, reserved 1101824K
  class space    used 7384K, capacity 7777K, committed 7808K, reserved 1048576K
}
Event: 38.820 GC heap after
{Heap after GC invocations=14 (full 0):
 garbage-first heap   total 131072K, used 46812K [0x00000000a0000000, 0x0000000100000000)
  region size 1024K, 4 young (4096K), 4 survivors (4096K)
 Metaspace       used 59107K, capacity 60209K, committed 60240K, reserved 1101824K
  class space    used 7384K, capacity 7777K, committed 7808K, reserved 1048576K
}

